<?xml version="1.0" encoding="UTF-8"?>
<!-- Generated by org.testng.reporters.JUnitXMLReporter -->
<testsuite ignored="0" hostname="DESKTOP-QVM6J4J" failures="1" tests="1" name="Test_chrome" time="7.489" errors="0" timestamp="2022-10-16T20:01:56 IST">
  <testcase classname="com.Test.Test1" name="verifytest1" time="0.482">
    <failure type="java.lang.AssertionError" message="expected [true] but found [false]">
      <![CDATA[java.lang.AssertionError: expected [true] but found [false]
at com.Test.Test1.verifytest1(Test1.java:24)
at java.base/java.util.ArrayList.forEach(ArrayList.java:1511)
... Removed 29 stack frames]]>
    </failure>
  </testcase> <!-- verifytest1 -->
</testsuite> <!-- Test_chrome -->
